   Compiling sir_ga_exploration v0.2.0 (/home/isis/rab_me/rust-ab-examples/sir_paper)
warning: unused import: `rand::distributions::weighted::WeightedIndex`
 --> src/main.rs:1:5
  |
1 | use rand::distributions::weighted::WeightedIndex;
  |     ^^^^^^^^^^^^^^^^^^^^^^^^^^^^^^^^^^^^^^^^^^^^
  |
  = note: `#[warn(unused_imports)]` on by default

warning: unused variable: `i`
   --> src/main.rs:205:9
    |
205 |     for i in 0..len {
    |         ^ help: if this is intentional, prefix it with an underscore: `_i`
    |
    = note: `#[warn(unused_variables)]` on by default

warning: `sir_ga_exploration` (bin "sir_ga_exploration") generated 2 warnings
    Finished release [optimized] target(s) in 1.32s
     Running `target/release/sir_ga_exploration`
Running parallel GA exploration...
Computing generation 1...
- Best fitness in generation 1 is 9.257257e-6
-- Overall best fitness is found in generation 1 and is 9.257257e-6
Computing generation 2...
- Best fitness in generation 2 is 9.048434e-6
-- Overall best fitness is found in generation 2 and is 9.048434e-6
Computing generation 3...
- Best fitness in generation 3 is 9.099216e-6
-- Overall best fitness is found in generation 2 and is 9.048434e-6
Computing generation 4...
- Best fitness in generation 4 is 8.841789e-6
-- Overall best fitness is found in generation 4 and is 8.841789e-6
Computing generation 5...
- Best fitness in generation 5 is 8.910186e-6
-- Overall best fitness is found in generation 4 and is 8.841789e-6
Computing generation 6...
- Best fitness in generation 6 is 8.850289e-6
-- Overall best fitness is found in generation 4 and is 8.841789e-6
Computing generation 7...
- Best fitness in generation 7 is 8.901694e-6
-- Overall best fitness is found in generation 4 and is 8.841789e-6
Computing generation 8...
- Best fitness in generation 8 is 9.044807e-6
-- Overall best fitness is found in generation 4 and is 8.841789e-6
Computing generation 9...
- Best fitness in generation 9 is 9.108024e-6
-- Overall best fitness is found in generation 4 and is 8.841789e-6
Computing generation 10...
- Best fitness in generation 10 is 9.125424e-6
-- Overall best fitness is found in generation 4 and is 8.841789e-6
Computing generation 11...
- Best fitness in generation 11 is 9.032889e-6
-- Overall best fitness is found in generation 4 and is 8.841789e-6
Computing generation 12...
- Best fitness in generation 12 is 9.029144e-6
-- Overall best fitness is found in generation 4 and is 8.841789e-6
Computing generation 13...
- Best fitness in generation 13 is 9.048495e-6
-- Overall best fitness is found in generation 4 and is 8.841789e-6
Computing generation 14...
- Best fitness in generation 14 is 9.053418e-6
-- Overall best fitness is found in generation 4 and is 8.841789e-6
Computing generation 15...
- Best fitness in generation 15 is 9.039527e-6
-- Overall best fitness is found in generation 4 and is 8.841789e-6
Computing generation 16...
- Best fitness in generation 16 is 9.019712e-6
-- Overall best fitness is found in generation 4 and is 8.841789e-6
Computing generation 17...
- Best fitness in generation 17 is 8.991914e-6
-- Overall best fitness is found in generation 4 and is 8.841789e-6
Computing generation 18...
- Best fitness in generation 18 is 9.03161e-6
-- Overall best fitness is found in generation 4 and is 8.841789e-6
Computing generation 19...
- Best fitness in generation 19 is 8.970013e-6
-- Overall best fitness is found in generation 4 and is 8.841789e-6
Computing generation 20...
- Best fitness in generation 20 is 9.0052945e-6
-- Overall best fitness is found in generation 4 and is 8.841789e-6
Computing generation 21...
- Best fitness in generation 21 is 9.114776e-6
-- Overall best fitness is found in generation 4 and is 8.841789e-6
Computing generation 22...
- Best fitness in generation 22 is 8.971127e-6
-- Overall best fitness is found in generation 4 and is 8.841789e-6
Computing generation 23...
- Best fitness in generation 23 is 9.0743515e-6
-- Overall best fitness is found in generation 4 and is 8.841789e-6
Computing generation 24...
- Best fitness in generation 24 is 9.020043e-6
-- Overall best fitness is found in generation 4 and is 8.841789e-6
Computing generation 25...
- Best fitness in generation 25 is 9.057536e-6
-- Overall best fitness is found in generation 4 and is 8.841789e-6
Computing generation 26...
- Best fitness in generation 26 is 9.111405e-6
-- Overall best fitness is found in generation 4 and is 8.841789e-6
Computing generation 27...
- Best fitness in generation 27 is 9.071996e-6
-- Overall best fitness is found in generation 4 and is 8.841789e-6
Computing generation 28...
- Best fitness in generation 28 is 9.111818e-6
-- Overall best fitness is found in generation 4 and is 8.841789e-6
Computing generation 29...
- Best fitness in generation 29 is 9.042647e-6
-- Overall best fitness is found in generation 4 and is 8.841789e-6
Computing generation 30...
- Best fitness in generation 30 is 9.046406e-6
-- Overall best fitness is found in generation 4 and is 8.841789e-6
Computing generation 31...
- Best fitness in generation 31 is 9.010148e-6
-- Overall best fitness is found in generation 4 and is 8.841789e-6
Computing generation 32...
- Best fitness in generation 32 is 9.117573e-6
-- Overall best fitness is found in generation 4 and is 8.841789e-6
Computing generation 33...
- Best fitness in generation 33 is 9.155372e-6
-- Overall best fitness is found in generation 4 and is 8.841789e-6
Computing generation 34...
- Best fitness in generation 34 is 9.115721e-6
-- Overall best fitness is found in generation 4 and is 8.841789e-6
Computing generation 35...
- Best fitness in generation 35 is 9.118332e-6
-- Overall best fitness is found in generation 4 and is 8.841789e-6
Computing generation 36...
- Best fitness in generation 36 is 9.1228885e-6
-- Overall best fitness is found in generation 4 and is 8.841789e-6
Computing generation 37...
- Best fitness in generation 37 is 9.156219e-6
-- Overall best fitness is found in generation 4 and is 8.841789e-6
Computing generation 38...
- Best fitness in generation 38 is 9.041911e-6
-- Overall best fitness is found in generation 4 and is 8.841789e-6
Computing generation 39...
- Best fitness in generation 39 is 9.047051e-6
-- Overall best fitness is found in generation 4 and is 8.841789e-6
Computing generation 40...
- Best fitness in generation 40 is 9.1270485e-6
-- Overall best fitness is found in generation 4 and is 8.841789e-6
Computing generation 41...
- Best fitness in generation 41 is 9.120227e-6
-- Overall best fitness is found in generation 4 and is 8.841789e-6
Computing generation 42...
- Best fitness in generation 42 is 8.89381e-6
-- Overall best fitness is found in generation 4 and is 8.841789e-6
Computing generation 43...
- Best fitness in generation 43 is 9.074678e-6
-- Overall best fitness is found in generation 4 and is 8.841789e-6
Computing generation 44...
- Best fitness in generation 44 is 9.153473e-6
-- Overall best fitness is found in generation 4 and is 8.841789e-6
Computing generation 45...
- Best fitness in generation 45 is 9.109592e-6
-- Overall best fitness is found in generation 4 and is 8.841789e-6
Computing generation 46...
- Best fitness in generation 46 is 9.0160565e-6
-- Overall best fitness is found in generation 4 and is 8.841789e-6
Computing generation 47...
- Best fitness in generation 47 is 9.056669e-6
-- Overall best fitness is found in generation 4 and is 8.841789e-6
Computing generation 48...
- Best fitness in generation 48 is 9.100818e-6
-- Overall best fitness is found in generation 4 and is 8.841789e-6
Computing generation 49...
- Best fitness in generation 49 is 8.979916e-6
-- Overall best fitness is found in generation 4 and is 8.841789e-6
Computing generation 50...
- Best fitness in generation 50 is 9.053101e-6
-- Overall best fitness is found in generation 4 and is 8.841789e-6
Computing generation 51...
- Best fitness in generation 51 is 9.177953e-6
-- Overall best fitness is found in generation 4 and is 8.841789e-6
Computing generation 52...
- Best fitness in generation 52 is 9.038822e-6
-- Overall best fitness is found in generation 4 and is 8.841789e-6
Computing generation 53...
- Best fitness in generation 53 is 9.072454e-6
-- Overall best fitness is found in generation 4 and is 8.841789e-6
Computing generation 54...
- Best fitness in generation 54 is 9.026731e-6
-- Overall best fitness is found in generation 4 and is 8.841789e-6
Computing generation 55...
- Best fitness in generation 55 is 9.018029e-6
-- Overall best fitness is found in generation 4 and is 8.841789e-6
Computing generation 56...
- Best fitness in generation 56 is 8.973429e-6
-- Overall best fitness is found in generation 4 and is 8.841789e-6
Computing generation 57...
- Best fitness in generation 57 is 9.03192e-6
-- Overall best fitness is found in generation 4 and is 8.841789e-6
Computing generation 58...
- Best fitness in generation 58 is 9.078922e-6
-- Overall best fitness is found in generation 4 and is 8.841789e-6
Computing generation 59...
- Best fitness in generation 59 is 9.074562e-6
-- Overall best fitness is found in generation 4 and is 8.841789e-6
Computing generation 60...
- Best fitness in generation 60 is 9.133465e-6
-- Overall best fitness is found in generation 4 and is 8.841789e-6
Computing generation 61...
- Best fitness in generation 61 is 9.112503e-6
-- Overall best fitness is found in generation 4 and is 8.841789e-6
Computing generation 62...
- Best fitness in generation 62 is 9.103062e-6
-- Overall best fitness is found in generation 4 and is 8.841789e-6
Computing generation 63...
- Best fitness in generation 63 is 9.137789e-6
-- Overall best fitness is found in generation 4 and is 8.841789e-6
Computing generation 64...
- Best fitness in generation 64 is 9.002488e-6
-- Overall best fitness is found in generation 4 and is 8.841789e-6
Computing generation 65...
- Best fitness in generation 65 is 9.043412e-6
-- Overall best fitness is found in generation 4 and is 8.841789e-6
Computing generation 66...
- Best fitness in generation 66 is 9.124613e-6
-- Overall best fitness is found in generation 4 and is 8.841789e-6
Computing generation 67...
- Best fitness in generation 67 is 9.105179e-6
-- Overall best fitness is found in generation 4 and is 8.841789e-6
Computing generation 68...
- Best fitness in generation 68 is 9.065063e-6
-- Overall best fitness is found in generation 4 and is 8.841789e-6
Computing generation 69...
- Best fitness in generation 69 is 8.898486e-6
-- Overall best fitness is found in generation 4 and is 8.841789e-6
Computing generation 70...
- Best fitness in generation 70 is 9.011787e-6
-- Overall best fitness is found in generation 4 and is 8.841789e-6
Computing generation 71...
- Best fitness in generation 71 is 9.100763e-6
-- Overall best fitness is found in generation 4 and is 8.841789e-6
Computing generation 72...
- Best fitness in generation 72 is 9.07684e-6
-- Overall best fitness is found in generation 4 and is 8.841789e-6
Computing generation 73...
- Best fitness in generation 73 is 8.950056e-6
-- Overall best fitness is found in generation 4 and is 8.841789e-6
Computing generation 74...
- Best fitness in generation 74 is 9.0718195e-6
-- Overall best fitness is found in generation 4 and is 8.841789e-6
Computing generation 75...
- Best fitness in generation 75 is 9.075005e-6
-- Overall best fitness is found in generation 4 and is 8.841789e-6
Computing generation 76...
- Best fitness in generation 76 is 9.036072e-6
-- Overall best fitness is found in generation 4 and is 8.841789e-6
Computing generation 77...
- Best fitness in generation 77 is 9.059008e-6
-- Overall best fitness is found in generation 4 and is 8.841789e-6
Computing generation 78...
- Best fitness in generation 78 is 9.040758e-6
-- Overall best fitness is found in generation 4 and is 8.841789e-6
Computing generation 79...
- Best fitness in generation 79 is 8.97133e-6
-- Overall best fitness is found in generation 4 and is 8.841789e-6
Computing generation 80...
- Best fitness in generation 80 is 9.105062e-6
-- Overall best fitness is found in generation 4 and is 8.841789e-6
Computing generation 81...
- Best fitness in generation 81 is 9.018173e-6
-- Overall best fitness is found in generation 4 and is 8.841789e-6
Computing generation 82...
- Best fitness in generation 82 is 9.030349e-6
-- Overall best fitness is found in generation 4 and is 8.841789e-6
Computing generation 83...
- Best fitness in generation 83 is 8.956578e-6
-- Overall best fitness is found in generation 4 and is 8.841789e-6
Computing generation 84...
- Best fitness in generation 84 is 8.98998e-6
-- Overall best fitness is found in generation 4 and is 8.841789e-6
Computing generation 85...
- Best fitness in generation 85 is 9.036434e-6
-- Overall best fitness is found in generation 4 and is 8.841789e-6
Computing generation 86...
- Best fitness in generation 86 is 9.083803e-6
-- Overall best fitness is found in generation 4 and is 8.841789e-6
Computing generation 87...
- Best fitness in generation 87 is 9.112588e-6
-- Overall best fitness is found in generation 4 and is 8.841789e-6
Computing generation 88...
- Best fitness in generation 88 is 9.074873e-6
-- Overall best fitness is found in generation 4 and is 8.841789e-6
Computing generation 89...
- Best fitness in generation 89 is 9.085622e-6
-- Overall best fitness is found in generation 4 and is 8.841789e-6
Computing generation 90...
- Best fitness in generation 90 is 9.097691e-6
-- Overall best fitness is found in generation 4 and is 8.841789e-6
Computing generation 91...
- Best fitness in generation 91 is 9.043061e-6
-- Overall best fitness is found in generation 4 and is 8.841789e-6
Computing generation 92...
- Best fitness in generation 92 is 8.948781e-6
-- Overall best fitness is found in generation 4 and is 8.841789e-6
Computing generation 93...
- Best fitness in generation 93 is 8.960392e-6
-- Overall best fitness is found in generation 4 and is 8.841789e-6
Computing generation 94...
- Best fitness in generation 94 is 9.020635e-6
-- Overall best fitness is found in generation 4 and is 8.841789e-6
Computing generation 95...
- Best fitness in generation 95 is 9.018125e-6
-- Overall best fitness is found in generation 4 and is 8.841789e-6
Computing generation 96...
- Best fitness in generation 96 is 8.997619e-6
-- Overall best fitness is found in generation 4 and is 8.841789e-6
Computing generation 97...
- Best fitness in generation 97 is 9.024533e-6
-- Overall best fitness is found in generation 4 and is 8.841789e-6
Computing generation 98...
- Best fitness in generation 98 is 9.021178e-6
-- Overall best fitness is found in generation 4 and is 8.841789e-6
Computing generation 99...
- Best fitness in generation 99 is 9.033852e-6
-- Overall best fitness is found in generation 4 and is 8.841789e-6
Computing generation 100...
- Best fitness in generation 100 is 9.021984e-6
-- Overall best fitness is found in generation 4 and is 8.841789e-6
Computing generation 101...
- Best fitness in generation 101 is 9.108698e-6
-- Overall best fitness is found in generation 4 and is 8.841789e-6
Computing generation 102...
- Best fitness in generation 102 is 9.082643e-6
-- Overall best fitness is found in generation 4 and is 8.841789e-6
Computing generation 103...
- Best fitness in generation 103 is 9.0670055e-6
-- Overall best fitness is found in generation 4 and is 8.841789e-6
Computing generation 104...
- Best fitness in generation 104 is 9.047789e-6
-- Overall best fitness is found in generation 4 and is 8.841789e-6
Computing generation 105...
- Best fitness in generation 105 is 9.021137e-6
-- Overall best fitness is found in generation 4 and is 8.841789e-6
Computing generation 106...
- Best fitness in generation 106 is 9.0517115e-6
-- Overall best fitness is found in generation 4 and is 8.841789e-6
Computing generation 107...
- Best fitness in generation 107 is 9.049127e-6
-- Overall best fitness is found in generation 4 and is 8.841789e-6
Computing generation 108...
- Best fitness in generation 108 is 9.08096e-6
-- Overall best fitness is found in generation 4 and is 8.841789e-6
Computing generation 109...
- Best fitness in generation 109 is 9.120198e-6
-- Overall best fitness is found in generation 4 and is 8.841789e-6
Computing generation 110...
- Best fitness in generation 110 is 9.101329e-6
-- Overall best fitness is found in generation 4 and is 8.841789e-6
Computing generation 111...
- Best fitness in generation 111 is 9.119418e-6
-- Overall best fitness is found in generation 4 and is 8.841789e-6
Computing generation 112...
- Best fitness in generation 112 is 9.09994e-6
-- Overall best fitness is found in generation 4 and is 8.841789e-6
Computing generation 113...
- Best fitness in generation 113 is 9.032674e-6
-- Overall best fitness is found in generation 4 and is 8.841789e-6
Computing generation 114...
- Best fitness in generation 114 is 9.105287e-6
-- Overall best fitness is found in generation 4 and is 8.841789e-6
Computing generation 115...
- Best fitness in generation 115 is 9.09654e-6
-- Overall best fitness is found in generation 4 and is 8.841789e-6
Computing generation 116...
- Best fitness in generation 116 is 9.06631e-6
-- Overall best fitness is found in generation 4 and is 8.841789e-6
Computing generation 117...
- Best fitness in generation 117 is 9.021258e-6
-- Overall best fitness is found in generation 4 and is 8.841789e-6
Computing generation 118...
- Best fitness in generation 118 is 9.094282e-6
-- Overall best fitness is found in generation 4 and is 8.841789e-6
Computing generation 119...
- Best fitness in generation 119 is 9.008489e-6
-- Overall best fitness is found in generation 4 and is 8.841789e-6
Computing generation 120...
- Best fitness in generation 120 is 9.078916e-6
-- Overall best fitness is found in generation 4 and is 8.841789e-6
Computing generation 121...
- Best fitness in generation 121 is 9.003235e-6
-- Overall best fitness is found in generation 4 and is 8.841789e-6
Computing generation 122...
- Best fitness in generation 122 is 8.963635e-6
-- Overall best fitness is found in generation 4 and is 8.841789e-6
Computing generation 123...
- Best fitness in generation 123 is 9.119191e-6
-- Overall best fitness is found in generation 4 and is 8.841789e-6
Computing generation 124...
- Best fitness in generation 124 is 9.083876e-6
-- Overall best fitness is found in generation 4 and is 8.841789e-6
Computing generation 125...
- Best fitness in generation 125 is 9.10899e-6
-- Overall best fitness is found in generation 4 and is 8.841789e-6
Computing generation 126...
- Best fitness in generation 126 is 8.996588e-6
-- Overall best fitness is found in generation 4 and is 8.841789e-6
Computing generation 127...
- Best fitness in generation 127 is 8.948632e-6
-- Overall best fitness is found in generation 4 and is 8.841789e-6
Computing generation 128...
- Best fitness in generation 128 is 9.034704e-6
-- Overall best fitness is found in generation 4 and is 8.841789e-6
Computing generation 129...
- Best fitness in generation 129 is 9.0781705e-6
-- Overall best fitness is found in generation 4 and is 8.841789e-6
Computing generation 130...
- Best fitness in generation 130 is 9.019403e-6
-- Overall best fitness is found in generation 4 and is 8.841789e-6
Computing generation 131...
- Best fitness in generation 131 is 8.944633e-6
-- Overall best fitness is found in generation 4 and is 8.841789e-6
Computing generation 132...
- Best fitness in generation 132 is 9.0514395e-6
-- Overall best fitness is found in generation 4 and is 8.841789e-6
Computing generation 133...
- Best fitness in generation 133 is 9.026955e-6
-- Overall best fitness is found in generation 4 and is 8.841789e-6
Computing generation 134...
- Best fitness in generation 134 is 9.059679e-6
-- Overall best fitness is found in generation 4 and is 8.841789e-6
Computing generation 135...
- Best fitness in generation 135 is 9.025342e-6
-- Overall best fitness is found in generation 4 and is 8.841789e-6
Computing generation 136...
- Best fitness in generation 136 is 9.038457e-6
-- Overall best fitness is found in generation 4 and is 8.841789e-6
Computing generation 137...
- Best fitness in generation 137 is 9.064296e-6
-- Overall best fitness is found in generation 4 and is 8.841789e-6
Computing generation 138...
- Best fitness in generation 138 is 9.107449e-6
-- Overall best fitness is found in generation 4 and is 8.841789e-6
Computing generation 139...
- Best fitness in generation 139 is 9.0256935e-6
-- Overall best fitness is found in generation 4 and is 8.841789e-6
Computing generation 140...
- Best fitness in generation 140 is 9.047427e-6
-- Overall best fitness is found in generation 4 and is 8.841789e-6
Computing generation 141...
- Best fitness in generation 141 is 9.10507e-6
-- Overall best fitness is found in generation 4 and is 8.841789e-6
Computing generation 142...
- Best fitness in generation 142 is 9.069505e-6
-- Overall best fitness is found in generation 4 and is 8.841789e-6
Computing generation 143...
- Best fitness in generation 143 is 8.966381e-6
-- Overall best fitness is found in generation 4 and is 8.841789e-6
Computing generation 144...
- Best fitness in generation 144 is 9.054157e-6
-- Overall best fitness is found in generation 4 and is 8.841789e-6
Computing generation 145...
- Best fitness in generation 145 is 9.011042e-6
-- Overall best fitness is found in generation 4 and is 8.841789e-6
Computing generation 146...
- Best fitness in generation 146 is 9.061625e-6
-- Overall best fitness is found in generation 4 and is 8.841789e-6
Computing generation 147...
- Best fitness in generation 147 is 9.136996e-6
-- Overall best fitness is found in generation 4 and is 8.841789e-6
Computing generation 148...
- Best fitness in generation 148 is 9.009155e-6
-- Overall best fitness is found in generation 4 and is 8.841789e-6
Computing generation 149...
- Best fitness in generation 149 is 9.042624e-6
-- Overall best fitness is found in generation 4 and is 8.841789e-6
Computing generation 150...
- Best fitness in generation 150 is 9.078451e-6
-- Overall best fitness is found in generation 4 and is 8.841789e-6
Computing generation 151...
- Best fitness in generation 151 is 9.119696e-6
-- Overall best fitness is found in generation 4 and is 8.841789e-6
Computing generation 152...
- Best fitness in generation 152 is 9.143697e-6
-- Overall best fitness is found in generation 4 and is 8.841789e-6
Computing generation 153...
- Best fitness in generation 153 is 9.072775e-6
-- Overall best fitness is found in generation 4 and is 8.841789e-6
Computing generation 154...
- Best fitness in generation 154 is 9.106485e-6
-- Overall best fitness is found in generation 4 and is 8.841789e-6
Computing generation 155...
- Best fitness in generation 155 is 9.025784e-6
-- Overall best fitness is found in generation 4 and is 8.841789e-6
Computing generation 156...
- Best fitness in generation 156 is 9.064129e-6
-- Overall best fitness is found in generation 4 and is 8.841789e-6
Computing generation 157...
- Best fitness in generation 157 is 9.0499225e-6
-- Overall best fitness is found in generation 4 and is 8.841789e-6
Computing generation 158...
- Best fitness in generation 158 is 9.097703e-6
-- Overall best fitness is found in generation 4 and is 8.841789e-6
Computing generation 159...
- Best fitness in generation 159 is 9.090287e-6
-- Overall best fitness is found in generation 4 and is 8.841789e-6
Computing generation 160...
- Best fitness in generation 160 is 9.071867e-6
-- Overall best fitness is found in generation 4 and is 8.841789e-6
Computing generation 161...
- Best fitness in generation 161 is 9.042672e-6
-- Overall best fitness is found in generation 4 and is 8.841789e-6
Computing generation 162...
- Best fitness in generation 162 is 9.044446e-6
-- Overall best fitness is found in generation 4 and is 8.841789e-6
Computing generation 163...
- Best fitness in generation 163 is 9.048834e-6
-- Overall best fitness is found in generation 4 and is 8.841789e-6
Computing generation 164...
- Best fitness in generation 164 is 8.99571e-6
-- Overall best fitness is found in generation 4 and is 8.841789e-6
Computing generation 165...
- Best fitness in generation 165 is 9.068104e-6
-- Overall best fitness is found in generation 4 and is 8.841789e-6
Computing generation 166...
- Best fitness in generation 166 is 9.06804e-6
-- Overall best fitness is found in generation 4 and is 8.841789e-6
Computing generation 167...
- Best fitness in generation 167 is 9.133413e-6
-- Overall best fitness is found in generation 4 and is 8.841789e-6
Computing generation 168...
- Best fitness in generation 168 is 8.915842e-6
-- Overall best fitness is found in generation 4 and is 8.841789e-6
Computing generation 169...
- Best fitness in generation 169 is 9.060988e-6
-- Overall best fitness is found in generation 4 and is 8.841789e-6
Computing generation 170...
- Best fitness in generation 170 is 9.063208e-6
-- Overall best fitness is found in generation 4 and is 8.841789e-6
Computing generation 171...
- Best fitness in generation 171 is 9.045864e-6
-- Overall best fitness is found in generation 4 and is 8.841789e-6
Computing generation 172...
- Best fitness in generation 172 is 9.113235e-6
-- Overall best fitness is found in generation 4 and is 8.841789e-6
Computing generation 173...
- Best fitness in generation 173 is 9.089246e-6
-- Overall best fitness is found in generation 4 and is 8.841789e-6
Computing generation 174...
- Best fitness in generation 174 is 9.091684e-6
-- Overall best fitness is found in generation 4 and is 8.841789e-6
Computing generation 175...
- Best fitness in generation 175 is 9.071643e-6
-- Overall best fitness is found in generation 4 and is 8.841789e-6
Computing generation 176...
- Best fitness in generation 176 is 9.108391e-6
-- Overall best fitness is found in generation 4 and is 8.841789e-6
Computing generation 177...
- Best fitness in generation 177 is 9.103405e-6
-- Overall best fitness is found in generation 4 and is 8.841789e-6
Computing generation 178...
- Best fitness in generation 178 is 9.139797e-6
-- Overall best fitness is found in generation 4 and is 8.841789e-6
Computing generation 179...
- Best fitness in generation 179 is 9.08947e-6
-- Overall best fitness is found in generation 4 and is 8.841789e-6
Computing generation 180...
- Best fitness in generation 180 is 9.137872e-6
-- Overall best fitness is found in generation 4 and is 8.841789e-6
Computing generation 181...
- Best fitness in generation 181 is 9.048967e-6
-- Overall best fitness is found in generation 4 and is 8.841789e-6
Computing generation 182...
- Best fitness in generation 182 is 9.004461e-6
-- Overall best fitness is found in generation 4 and is 8.841789e-6
Computing generation 183...
- Best fitness in generation 183 is 9.112688e-6
-- Overall best fitness is found in generation 4 and is 8.841789e-6
Computing generation 184...
- Best fitness in generation 184 is 9.1670345e-6
-- Overall best fitness is found in generation 4 and is 8.841789e-6
Computing generation 185...
- Best fitness in generation 185 is 9.1096235e-6
-- Overall best fitness is found in generation 4 and is 8.841789e-6
Computing generation 186...
- Best fitness in generation 186 is 9.061862e-6
-- Overall best fitness is found in generation 4 and is 8.841789e-6
Computing generation 187...
- Best fitness in generation 187 is 9.086307e-6
-- Overall best fitness is found in generation 4 and is 8.841789e-6
Computing generation 188...
- Best fitness in generation 188 is 9.022644e-6
-- Overall best fitness is found in generation 4 and is 8.841789e-6
Computing generation 189...
- Best fitness in generation 189 is 9.070232e-6
-- Overall best fitness is found in generation 4 and is 8.841789e-6
Computing generation 190...
- Best fitness in generation 190 is 9.037574e-6
-- Overall best fitness is found in generation 4 and is 8.841789e-6
Computing generation 191...
- Best fitness in generation 191 is 8.949303e-6
-- Overall best fitness is found in generation 4 and is 8.841789e-6
Computing generation 192...
- Best fitness in generation 192 is 8.998373e-6
-- Overall best fitness is found in generation 4 and is 8.841789e-6
Computing generation 193...
- Best fitness in generation 193 is 9.0508465e-6
-- Overall best fitness is found in generation 4 and is 8.841789e-6
Computing generation 194...
- Best fitness in generation 194 is 9.07838e-6
-- Overall best fitness is found in generation 4 and is 8.841789e-6
Computing generation 195...
- Best fitness in generation 195 is 9.06596e-6
-- Overall best fitness is found in generation 4 and is 8.841789e-6
Computing generation 196...
- Best fitness in generation 196 is 9.033749e-6
-- Overall best fitness is found in generation 4 and is 8.841789e-6
Computing generation 197...
- Best fitness in generation 197 is 9.074288e-6
-- Overall best fitness is found in generation 4 and is 8.841789e-6
Computing generation 198...
- Best fitness in generation 198 is 9.050329e-6
-- Overall best fitness is found in generation 4 and is 8.841789e-6
Computing generation 199...
- Best fitness in generation 199 is 9.070121e-6
-- Overall best fitness is found in generation 4 and is 8.841789e-6
Computing generation 200...
- Best fitness in generation 200 is 9.080087e-6
-- Overall best fitness is found in generation 4 and is 8.841789e-6
Reached 200 generations, exiting...
Resulting best fitness is 8.841789e-6
- The best individual is:
	0.22182499;0.48658824
